<?xml version="1.0" encoding="UTF-8"?>
<!-- Generated by org.testng.reporters.JUnitReportReporter -->
<testsuite hostname="DDC5-L-F28T25H" failures="0" tests="2" name="selenium.AppiumTest" time="0.015" errors="0" timestamp="2021-09-23T19:33:44 IST" skipped="0">
  <testcase classname="selenium.AppiumTest" name="ios" time="0.001"/>
  <system-out/>
  <testcase classname="selenium.AppiumTest" name="android" time="0.014"/>
  <system-out/>
</testsuite> <!-- selenium.AppiumTest -->
