<?xml version="1.0" encoding="UTF-8"?>
<!-- Generated by org.testng.reporters.JUnitReportReporter -->
<testsuite hostname="DDC5-L-F28T25H" failures="0" tests="2" name="selenium.SeleniumTest" time="0.015" errors="0" timestamp="2021-09-23T19:40:57 IST" skipped="0">
  <testcase classname="selenium.SeleniumTest" name="testng" time="0.002"/>
  <system-out/>
  <testcase classname="selenium.SeleniumTest" name="maven" time="0.013"/>
  <system-out/>
</testsuite> <!-- selenium.SeleniumTest -->
