<?xml version="1.0" encoding="UTF-8"?>
<!-- Generated by org.testng.reporters.JUnitReportReporter -->
<testsuite hostname="DDC5-L-F28T25H" failures="0" tests="2" name="selenium.SeleniumTest" time="0.008" errors="0" timestamp="2021-09-24T17:36:46 IST" skipped="0">
  <testcase classname="selenium.SeleniumTest" name="testng" time="0.000"/>
  <system-out/>
  <testcase classname="selenium.SeleniumTest" name="maven" time="0.008"/>
  <system-out/>
</testsuite> <!-- selenium.SeleniumTest -->
