<?xml version="1.0" encoding="UTF-8"?>
<!-- Generated by org.testng.reporters.JUnitReportReporter -->
<testsuite hostname="DDC5-L-F28T25H" failures="0" tests="2" name="selenium.RestapiTest" time="0.001" errors="0" timestamp="2021-09-24T17:36:11 IST" skipped="0">
  <testcase classname="selenium.RestapiTest" name="put" time="0.000"/>
  <system-out/>
  <testcase classname="selenium.RestapiTest" name="get" time="0.001"/>
  <system-out/>
</testsuite> <!-- selenium.RestapiTest -->
