<?xml version="1.0" encoding="UTF-8"?>
<!-- Generated by org.testng.reporters.JUnitReportReporter -->
<testsuite hostname="DDC5-L-F28T25H" failures="0" tests="2" name="AppiumTest" time="0.008" errors="0" timestamp="2021-09-23T19:39:05 IST" skipped="0">
  <testcase classname="AppiumTest" name="ios" time="0.000"/>
  <system-out/>
  <testcase classname="AppiumTest" name="android" time="0.008"/>
  <system-out/>
</testsuite> <!-- AppiumTest -->
