<?xml version="1.0" encoding="UTF-8"?>
<!-- Generated by org.testng.reporters.JUnitReportReporter -->
<testsuite hostname="DDC5-L-F28T25H" failures="0" tests="2" name="selenium.AppiumTest" time="0.007" errors="0" timestamp="2021-09-24T17:36:11 IST" skipped="0">
  <testcase classname="selenium.AppiumTest" name="android" time="0.007"/>
  <system-out/>
  <testcase classname="selenium.AppiumTest" name="ios" time="0.000"/>
  <system-out/>
</testsuite> <!-- selenium.AppiumTest -->
